<?xml version="1.0" encoding="UTF-8"?>
<!-- Generated by org.testng.reporters.JUnitReportReporter -->
<testsuite hostname="DESKTOP-2BLRRP8" failures="0" tests="2" name="testing.automation_testing.tasks" time="186.467" errors="0" timestamp="2026-02-18T16:10:27 IST" skipped="0">
  <testcase classname="testing.automation_testing.tasks" name="launch" time="163.670"/>
  <testcase classname="testing.automation_testing.tasks" name="invalid_login_pass" time="22.797"/>
</testsuite> <!-- testing.automation_testing.tasks -->
