<?xml version="1.0" encoding="UTF-8"?>
<!-- Generated by org.testng.reporters.JUnitReportReporter -->
<testsuite hostname="DESKTOP-2BLRRP8" failures="0" tests="3" name="testing.automation_testing.arithmetic" time="0.145" errors="0" timestamp="2026-02-18T18:29:01 IST" skipped="0">
  <testcase classname="testing.automation_testing.arithmetic" name="multiplication" time="0.012"/>
  <testcase classname="testing.automation_testing.arithmetic" name="Division" time="0.106"/>
  <testcase classname="testing.automation_testing.arithmetic" name="Substraction" time="0.027"/>
</testsuite> <!-- testing.automation_testing.arithmetic -->
