<?xml version="1.0" encoding="UTF-8"?>
<!-- Generated by org.testng.reporters.JUnitXMLReporter -->
<testsuite ignored="5" hostname="DESKTOP-2BLRRP8" failures="0" tests="3" name="Test" time="0.322" errors="0" timestamp="2026-02-22T22:28:22 IST">
  <testcase classname="testing.automation_testing.multipletestcase" name="food" time="0.046"/>
  <testcase classname="testing.automation_testing.priority_task" name="task2" time="0.006"/>
  <testcase classname="testing.automation_testing.Annotation" name="Test" time="0.01"/>
  <testcase classname="testing.automation_testing.multipletestcase" name="grocery" time="0.0">
    <ignored/>
  </testcase> <!-- grocery -->
  <testcase classname="testing.automation_testing.multipletestcase" name="fashon" time="0.0">
    <ignored/>
  </testcase> <!-- fashon -->
  <testcase classname="testing.automation_testing.multipletestcase" name="Stationary" time="0.0">
    <ignored/>
  </testcase> <!-- Stationary -->
  <testcase classname="testing.automation_testing.priority_task" name="task1" time="0.0">
    <ignored/>
  </testcase> <!-- task1 -->
  <testcase classname="testing.automation_testing.priority_task" name="task3" time="0.0">
    <ignored/>
  </testcase> <!-- task3 -->
</testsuite> <!-- Test -->
